BJ2013LOG
Log Setup Dato: 2013-12-10 11:43
 ---------------------------------  
|    ___  __   _  _  ___    __    | 
 )  (  ,)(  ) ( )( )(  _)  (  )  ( 
|    ) ,\ )(__ )()(  ) _) __)(    | 
 )  (___/(____)\__/ (___)(___/   ( 
|                                 | 
 ---------------------------------  
                                  
 BlueJ Salgs Statistik  2013(c)   
 ===============================  
  Maskin ID: 100
  Zone: 5
 ===============================  
                                  
                                  
2013-12-10 11:43, 2-zoner, 12kr. pr zone. Voksen Adult 1 stk.
2013-12-10 12:03, 4-zoner, 8kr. pr zone. Barn Child 3 stk.
2013-12-10 12:03, 2-zoner, 12kr. pr zone. Voksen Adult 1 stk.
2013-12-10 12:04, 4-zoner, 8kr. pr zone. Barn Child 3 stk.
2013-12-10 12:24, 5-zoner, 21kr. pr zone. Test1 Test1 4 stk.
2013-12-10 12:53, 2-zoner, 12kr. pr zone. Voksen Adult 2 stk.
2013-12-10 14:40, 2-zoner, 8kr. pr zone. Barn Child 1 stk.
2013-12-11 09:27, 3-zoner, 21kr. pr zone. Test1 Test1 4 stk.
null, 3-zoner, 2kr. pr zone. test testENG 4 stk.
