BJ2013LOG
Log Setup Dato: 2013-12-10 11:43
 ---------------------------------  
|    ___  __   _  _  ___    __    | 
 )  (  ,)(  ) ( )( )(  _)  (  )  ( 
|    ) ,\ )(__ )()(  ) _) __)(    | 
 )  (___/(____)\__/ (___)(___/   ( 
|                                 | 
 ---------------------------------  
                                  
 BlueJ Salgs Statistik  2013(c)   
 ===============================  
  Maskin ID: 100
  Zone: 5
 ===============================  
                                  
                                  
2013-12-10 11:43, 2-zoner, 12kr. pr zone. Voksen Adult 1 stk.
2013-12-10 12:03, 4-zoner, 8kr. pr zone. Barn Child 3 stk.
2013-12-10 12:03, 2-zoner, 12kr. pr zone. Voksen Adult 1 stk.
2013-12-10 12:04, 4-zoner, 8kr. pr zone. Barn Child 3 stk.
2013-12-10 12:24, 5-zoner, 21kr. pr zone. Test1 Test1 4 stk.
2013-12-10 12:53, 2-zoner, 12kr. pr zone. Voksen Adult 2 stk.
2013-12-10 14:40, 2-zoner, 8kr. pr zone. Barn Child 1 stk.
2013-12-11 15:13, 4-zoner, 8kr. pr zone. Barn Child 3 stk.
2013-12-11 20:36, 3-zoner, 12kr. pr zone. Voksen Adult 1 stk.
2013-12-11 20:58, 3-zoner, 21kr. pr zone. Test1 Test1 2 stk.
2013-12-11 21:16, 5-zoner, 15kr. pr zone. Test4 Test4 2 stk.
2013-12-11 21:16, 6-zoner, 12kr. pr zone. Voksen Adult 4 stk.
2013-12-11 21:16, 4-zoner, 18kr. pr zone. Test99 Test99 4 stk.
2013-12-11 21:30, 3-zoner, 12kr. pr zone. Voksen Adult 2 stk.
2013-12-11 21:52, 2-zoner, 12kr. pr zone. Voksen Adult 1 stk.
2013-12-11 21:52, 3-zoner, 12kr. pr zone. Voksen Adult 2 stk.
2013-12-12 00:56, 3-zoner, 8kr. pr zone. Barn Child 2 stk.
2013-12-12 00:56, 2-zoner, 12kr. pr zone. Voksen Adult 4 stk.
2013-12-12 00:59, 2-zoner, 12kr. pr zone. Voksen Adult 1 stk.
2013-12-12 00:59, 2-zoner, 8kr. pr zone. Barn Child 1 stk.
2013-12-12 00:59, 3-zoner, 12kr. pr zone. a b c 15 d e f 16 5 stk.
2013-12-12 08:47, 2-zoner, 12kr. pr zone. Voksen Adult 3 stk.
2013-12-12 09:18, 2-zoner, 12kr. pr zone. Voksen Adult 1 stk.
2013-12-12 09:25, 2-zoner, 12kr. pr zone. Voksen Adult 1 stk.
2013-12-12 09:26, 2-zoner, 8kr. pr zone. Barn Child 1 stk.
2013-12-12 11:21, 7-zoner, 12kr. pr zone. a b c 15 d e f 16 2 stk.
2013-12-12 12:53, 2-zoner, 12kr. pr zone. Voksen Adult 2 stk.
2013-12-12 15:25, 3-zoner, 12kr. pr zone. Voksen Adult 1 stk.
2013-12-12 15:26, 2-zoner, 8kr. pr zone. Barn Child 1 stk.
2013-12-12 15:27, 2-zoner, 8kr. pr zone. Barn Child 1 stk.
2013-12-12 15:28, 2-zoner, 12kr. pr zone. Voksen Adult 1 stk.
2013-12-12 15:28, 2-zoner, 12kr. pr zone. Voksen Adult 1 stk.
2013-12-12 15:29, 2-zoner, 8kr. pr zone. Barn Child 1 stk.
